Flow report for CpE100_Final_Project
Mon Apr 23 18:58:25 2018
Quartus II 64-Bit Version 13.1.0 Build 162 10/23/2013 SJ Web Edition


---------------------
; Table of Contents ;
---------------------
  1. Legal Notice
  2. Flow Summary
  3. Flow Settings
  4. Flow Non-Default Global Settings
  5. Flow Elapsed Time
  6. Flow OS Summary
  7. Flow Log
  8. Flow Messages
  9. Flow Suppressed Messages



----------------
; Legal Notice ;
----------------
Copyright (C) 1991-2013 Altera Corporation
Your use of Altera Corporation's design tools, logic functions 
and other software and tools, and its AMPP partner logic 
functions, and any output files from any of the foregoing 
(including device programming or simulation files), and any 
associated documentation or information are expressly subject 
to the terms and conditions of the Altera Program License 
Subscription Agreement, Altera MegaCore Function License 
Agreement, or other applicable license agreement, including, 
without limitation, that your use is for the sole purpose of 
programming logic devices manufactured by Altera and sold by 
Altera or its authorized distributors.  Please refer to the 
applicable agreement for further details.



+------------------------------------------------------------------------------+
; Flow Summary                                                                 ;
+---------------------------------+--------------------------------------------+
; Flow Status                     ; Successful - Mon Apr 23 18:58:25 2018      ;
; Quartus II 64-Bit Version       ; 13.1.0 Build 162 10/23/2013 SJ Web Edition ;
; Revision Name                   ; CpE100_Final_Project                       ;
; Top-level Entity Name           ; Super_Slug_A_Bug                           ;
; Family                          ; Cyclone V                                  ;
; Device                          ; 5CEBA4F23C7                                ;
; Timing Models                   ; Final                                      ;
; Logic utilization (in ALMs)     ; 1,212 / 18,480 ( 7 % )                     ;
; Total registers                 ; 436                                        ;
; Total pins                      ; 58 / 224 ( 26 % )                          ;
; Total virtual pins              ; 0                                          ;
; Total block memory bits         ; 0 / 3,153,920 ( 0 % )                      ;
; Total DSP Blocks                ; 0 / 66 ( 0 % )                             ;
; Total HSSI RX PCSs              ; 0                                          ;
; Total HSSI PMA RX Deserializers ; 0                                          ;
; Total HSSI TX PCSs              ; 0                                          ;
; Total HSSI TX Channels          ; 0                                          ;
; Total PLLs                      ; 0 / 4 ( 0 % )                              ;
; Total DLLs                      ; 0 / 4 ( 0 % )                              ;
+---------------------------------+--------------------------------------------+


+------------------------------------------+
; Flow Settings                            ;
+-------------------+----------------------+
; Option            ; Setting              ;
+-------------------+----------------------+
; Start date & time ; 04/23/2018 18:54:04  ;
; Main task         ; Compilation          ;
; Revision Name     ; CpE100_Final_Project ;
+-------------------+----------------------+


+--------------------------------------------------------------------------------------------------------------------------------+
; Flow Non-Default Global Settings                                                                                               ;
+-------------------------------------+-------------------------------+----------------------+------------------+----------------+
; Assignment Name                     ; Value                         ; Default Value        ; Entity Name      ; Section Id     ;
+-------------------------------------+-------------------------------+----------------------+------------------+----------------+
; COMPILER_SIGNATURE_ID               ; 2200303521616.152453484412976 ; --                   ; --               ; --             ;
; EDA_OUTPUT_DATA_FORMAT              ; Vhdl                          ; --                   ; --               ; eda_simulation ;
; EDA_SIMULATION_TOOL                 ; ModelSim-Altera (VHDL)        ; <None>               ; --               ; --             ;
; MAX_CORE_JUNCTION_TEMP              ; 85                            ; --                   ; --               ; --             ;
; MIN_CORE_JUNCTION_TEMP              ; 0                             ; --                   ; --               ; --             ;
; PARTITION_COLOR                     ; 16764057                      ; --                   ; Super_Slug_A_Bug ; Top            ;
; PARTITION_FITTER_PRESERVATION_LEVEL ; PLACEMENT_AND_ROUTING         ; --                   ; Super_Slug_A_Bug ; Top            ;
; PARTITION_NETLIST_TYPE              ; SOURCE                        ; --                   ; Super_Slug_A_Bug ; Top            ;
; PROJECT_OUTPUT_DIRECTORY            ; output_files                  ; --                   ; --               ; --             ;
; TOP_LEVEL_ENTITY                    ; Super_Slug_A_Bug              ; CpE100_Final_Project ; --               ; --             ;
+-------------------------------------+-------------------------------+----------------------+------------------+----------------+


+-------------------------------------------------------------------------------------------------------------------------------+
; Flow Elapsed Time                                                                                                             ;
+---------------------------+--------------+-------------------------+---------------------+------------------------------------+
; Module Name               ; Elapsed Time ; Average Processors Used ; Peak Virtual Memory ; Total CPU Time (on all processors) ;
+---------------------------+--------------+-------------------------+---------------------+------------------------------------+
; Analysis & Synthesis      ; 00:00:38     ; 1.0                     ; 599 MB              ; 00:00:35                           ;
; Fitter                    ; 00:02:54     ; 3.1                     ; 1607 MB             ; 00:03:32                           ;
; Assembler                 ; 00:00:13     ; 1.0                     ; 608 MB              ; 00:00:10                           ;
; TimeQuest Timing Analyzer ; 00:00:23     ; 1.7                     ; 810 MB              ; 00:00:36                           ;
; EDA Netlist Writer        ; 00:00:02     ; 1.0                     ; 500 MB              ; 00:00:02                           ;
; Total                     ; 00:04:10     ; --                      ; --                  ; 00:04:55                           ;
+---------------------------+--------------+-------------------------+---------------------+------------------------------------+


+----------------------------------------------------------------------------------------+
; Flow OS Summary                                                                        ;
+---------------------------+------------------+-----------+------------+----------------+
; Module Name               ; Machine Hostname ; OS Name   ; OS Version ; Processor type ;
+---------------------------+------------------+-----------+------------+----------------+
; Analysis & Synthesis      ; Computer         ; Windows 7 ; 6.2        ; x86_64         ;
; Fitter                    ; Computer         ; Windows 7 ; 6.2        ; x86_64         ;
; Assembler                 ; Computer         ; Windows 7 ; 6.2        ; x86_64         ;
; TimeQuest Timing Analyzer ; Computer         ; Windows 7 ; 6.2        ; x86_64         ;
; EDA Netlist Writer        ; Computer         ; Windows 7 ; 6.2        ; x86_64         ;
+---------------------------+------------------+-----------+------------+----------------+


------------
; Flow Log ;
------------
quartus_map --read_settings_files=on --write_settings_files=off CpE100_Final_Project -c CpE100_Final_Project
quartus_fit --read_settings_files=off --write_settings_files=off CpE100_Final_Project -c CpE100_Final_Project
quartus_asm --read_settings_files=off --write_settings_files=off CpE100_Final_Project -c CpE100_Final_Project
quartus_sta CpE100_Final_Project -c CpE100_Final_Project
quartus_eda --read_settings_files=off --write_settings_files=off CpE100_Final_Project -c CpE100_Final_Project



